<?xml version="1.0" encoding="UTF-8"?>
<!-- Generated by org.testng.reporters.JUnitReportReporter -->
<testsuite skipped="0" hostname="DESKTOP-C8P738T" name="Master.P1" tests="1" failures="0" timestamp="2020-09-03T20:51:49 IST" time="0.056" errors="0">
  <testcase name="test" time="0.056" classname="Master.P1"/>
  <system-out>
Tested Successfully  </system-out>
</testsuite> <!-- Master.P1 -->
